<?xml version="1.0" encoding="UTF-8"?>
<!-- Generated by org.testng.reporters.JUnitXMLReporter -->
<testsuite hostname="LAPTOP-JOPOHLMU" ignored="0" name="RegressionTests" tests="1" failures="1" timestamp="18 Sep 2020 21:00:57 GMT" time="18.873" errors="0">
  <testcase name="verifyPageTitle" time="10.151" classname="com.qa.automation.ndtv.weatherreporting.tests.SimpleTests">
    <failure type="java.lang.AssertionError" message="expected [true] but found [false]">
      <![CDATA[java.lang.AssertionError: expected [true] but found [false]
	at com.qa.automation.ndtv.weatherreporting.tests.SimpleTests.verifyPageTitle(SimpleTests.java:14)
	at java.util.concurrent.FutureTask.run(FutureTask.java:266)
	at java.util.concurrent.ThreadPoolExecutor.runWorker(ThreadPoolExecutor.java:1149)
	at java.util.concurrent.ThreadPoolExecutor$Worker.run(ThreadPoolExecutor.java:624)
	at java.lang.Thread.run(Thread.java:748)
... Removed 20 stack frames]]>
    </failure>
  </testcase> <!-- verifyPageTitle -->
</testsuite> <!-- RegressionTests -->
