<?xml version="1.0" encoding="UTF-8"?>
<testng-results skipped="0" failed="1" ignored="0" total="1" passed="0">
  <reporter-output>
  </reporter-output>
  <suite name="NDTV UI-API Automation" duration-ms="18873" started-at="2020-09-18T21:00:38Z" finished-at="2020-09-18T21:00:57Z">
    <groups>
      <group name="Regression">
        <method signature="SimpleTests.verifyPageTitle()[pri:0, instance:com.qa.automation.ndtv.weatherreporting.tests.SimpleTests@5c3bd550]" name="verifyPageTitle" class="com.qa.automation.ndtv.weatherreporting.tests.SimpleTests"/>
      </group> <!-- Regression -->
    </groups>
    <test name="RegressionTests" duration-ms="18873" started-at="2020-09-18T21:00:38Z" finished-at="2020-09-18T21:00:57Z">
      <class name="com.qa.automation.ndtv.weatherreporting.tests.SimpleTests">
        <test-method status="PASS" signature="setupBrowser(java.lang.String, java.lang.String)[pri:0, instance:com.qa.automation.ndtv.weatherreporting.tests.SimpleTests@5c3bd550]" name="setupBrowser" is-config="true" duration-ms="8682" started-at="2020-09-19T02:30:38Z" finished-at="2020-09-19T02:30:47Z">
          <params>
            <param index="0">
              <value>
                <![CDATA[CHROME]]>
              </value>
            </param>
            <param index="1">
              <value>
                <![CDATA[85.0.4183.102]]>
              </value>
            </param>
          </params>
          <reporter-output>
          </reporter-output>
        </test-method> <!-- setupBrowser -->
        <test-method status="FAIL" signature="verifyPageTitle()[pri:0, instance:com.qa.automation.ndtv.weatherreporting.tests.SimpleTests@5c3bd550]" name="verifyPageTitle" duration-ms="10151" started-at="2020-09-19T02:30:47Z" finished-at="2020-09-19T02:30:57Z">
          <exception class="java.lang.AssertionError">
            <message>
              <![CDATA[expected [true] but found [false]]]>
            </message>
            <full-stacktrace>
              <![CDATA[java.lang.AssertionError: expected [true] but found [false]
	at org.testng.Assert.fail(Assert.java:94)
	at org.testng.Assert.failNotEquals(Assert.java:513)
	at org.testng.Assert.assertTrue(Assert.java:42)
	at org.testng.Assert.assertTrue(Assert.java:52)
	at com.qa.automation.ndtv.weatherreporting.tests.SimpleTests.verifyPageTitle(SimpleTests.java:14)
	at sun.reflect.NativeMethodAccessorImpl.invoke0(Native Method)
	at sun.reflect.NativeMethodAccessorImpl.invoke(NativeMethodAccessorImpl.java:62)
	at sun.reflect.DelegatingMethodAccessorImpl.invoke(DelegatingMethodAccessorImpl.java:43)
	at java.lang.reflect.Method.invoke(Method.java:498)
	at org.testng.internal.MethodInvocationHelper.invokeMethod(MethodInvocationHelper.java:104)
	at org.testng.internal.Invoker.invokeMethod(Invoker.java:645)
	at org.testng.internal.Invoker.invokeTestMethod(Invoker.java:851)
	at org.testng.internal.Invoker.invokeTestMethods(Invoker.java:1177)
	at org.testng.internal.TestMethodWorker.invokeTestMethods(TestMethodWorker.java:129)
	at org.testng.internal.TestMethodWorker.run(TestMethodWorker.java:112)
	at org.testng.TestRunner.privateRun(TestRunner.java:756)
	at org.testng.TestRunner.run(TestRunner.java:610)
	at org.testng.SuiteRunner.runTest(SuiteRunner.java:387)
	at org.testng.SuiteRunner.access$000(SuiteRunner.java:39)
	at org.testng.SuiteRunner$SuiteWorker.run(SuiteRunner.java:421)
	at org.testng.internal.thread.ThreadUtil$2.call(ThreadUtil.java:64)
	at java.util.concurrent.FutureTask.run(FutureTask.java:266)
	at java.util.concurrent.ThreadPoolExecutor.runWorker(ThreadPoolExecutor.java:1149)
	at java.util.concurrent.ThreadPoolExecutor$Worker.run(ThreadPoolExecutor.java:624)
	at java.lang.Thread.run(Thread.java:748)
]]>
            </full-stacktrace>
          </exception> <!-- java.lang.AssertionError -->
          <reporter-output>
          </reporter-output>
        </test-method> <!-- verifyPageTitle -->
      </class> <!-- com.qa.automation.ndtv.weatherreporting.tests.SimpleTests -->
    </test> <!-- RegressionTests -->
  </suite> <!-- NDTV UI-API Automation -->
</testng-results>
